<?xml version="1.0" encoding="UTF-8"?>
<!-- Generated by org.testng.reporters.JUnitReportReporter -->
<testsuite hostname="DESKTOP-FELOP08" failures="0" tests="4" name="testCase.LoginPageTest" time="35.732" errors="0" timestamp="2023-11-13T11:41:43 IST" skipped="0">
  <testcase classname="testCase.LoginPageTest" name="verifyValid" time="7.708"/>
  <system-out/>
  <testcase classname="testCase.LoginPageTest" name="verifyValid" time="8.523"/>
  <system-out/>
  <testcase classname="testCase.LoginPageTest" name="verifyValid" time="9.897"/>
  <system-out/>
  <testcase classname="testCase.LoginPageTest" name="loginPage" time="9.604"/>
  <system-out/>
</testsuite> <!-- testCase.LoginPageTest -->
