<?xml version="1.0" encoding="UTF-8"?>
<!-- Generated by org.testng.reporters.JUnitReportReporter -->
<testsuite hostname="DESKTOP-FELOP08" failures="0" tests="1" name="testCase.BaseClass" time="16.169" errors="0" timestamp="2023-11-16T22:59:11 IST" skipped="0">
  <testcase classname="testCase.BaseClass" name="testBasic" time="16.169"/>
</testsuite> <!-- testCase.BaseClass -->
