<?xml version="1.0" encoding="UTF-8"?>
<!-- Generated by org.testng.reporters.JUnitReportReporter -->
<testsuite hostname="DESKTOP-FELOP08" failures="0" tests="3" name="testCase.LoginPageTest" time="36.069" errors="0" timestamp="2023-11-15T10:52:47 IST" skipped="0">
  <testcase classname="testCase.LoginPageTest" name="verifyValid" time="10.638"/>
  <system-out/>
  <testcase classname="testCase.LoginPageTest" name="verifyValid" time="15.228"/>
  <system-out/>
  <testcase classname="testCase.LoginPageTest" name="verifyValid" time="10.203"/>
  <system-out/>
</testsuite> <!-- testCase.LoginPageTest -->
