<?xml version="1.0" encoding="UTF-8"?>
<!-- Generated by org.testng.reporters.JUnitReportReporter -->
<testsuite hostname="DESKTOP-FELOP08" failures="0" tests="3" name="testCase.InvalidpassuserTest" time="49.587" errors="0" timestamp="2023-10-27T19:30:37 IST" skipped="0">
  <testcase classname="testCase.InvalidpassuserTest" name="verifyValid" time="12.245"/>
  <system-out/>
  <testcase classname="testCase.InvalidpassuserTest" name="verifyValid" time="16.108"/>
  <system-out/>
  <testcase classname="testCase.InvalidpassuserTest" name="verifyValid" time="21.234"/>
  <system-out/>
</testsuite> <!-- testCase.InvalidpassuserTest -->
