<?xml version="1.0" encoding="UTF-8"?>
<!-- Generated by org.testng.reporters.JUnitReportReporter -->
<testsuite hostname="DESKTOP-FELOP08" failures="0" tests="9" name="testCase.CreateclientTest" time="180.094" errors="0" timestamp="2023-11-17T02:26:25 IST" skipped="0">
  <testcase classname="testCase.CreateclientTest" name="testBasic" time="7.554"/>
  <testcase classname="testCase.CreateclientTest" name="clientandIdsearchButtonVerify" time="30.196"/>
  <testcase classname="testCase.CreateclientTest" name="clientandIdsearchButtonVerify" time="47.094"/>
  <testcase classname="testCase.CreateclientTest" name="createClientpageAssert" time="14.431"/>
  <testcase classname="testCase.CreateclientTest" name="clientpageAssert" time="13.181"/>
  <testcase classname="testCase.CreateclientTest" name="saveclientDetails" time="18.739"/>
  <testcase classname="testCase.CreateclientTest" name="updateClient" time="13.527"/>
  <testcase classname="testCase.CreateclientTest" name="viewClient" time="12.424"/>
  <testcase classname="testCase.CreateclientTest" name="deductionPage" time="22.948"/>
</testsuite> <!-- testCase.CreateclientTest -->
