<?xml version="1.0" encoding="UTF-8"?>
<!-- Generated by org.testng.reporters.JUnitReportReporter -->
<testsuite hostname="DESKTOP-FELOP08" failures="0" tests="8" name="testCase.CreateclientTest" time="119.721" errors="0" timestamp="2023-11-15T14:14:49 IST" skipped="0">
  <testcase classname="testCase.CreateclientTest" name="createClientpageAssert" time="19.950"/>
  <system-out/>
  <testcase classname="testCase.CreateclientTest" name="clientpageAssert" time="12.230"/>
  <system-out/>
  <testcase classname="testCase.CreateclientTest" name="clientDetails" time="20.565"/>
  <system-out/>
  <testcase classname="testCase.CreateclientTest" name="updateClient" time="15.515"/>
  <system-out/>
  <testcase classname="testCase.CreateclientTest" name="updatingFeatures" time="16.778"/>
  <system-out/>
  <testcase classname="testCase.CreateclientTest" name="viewClient" time="11.406"/>
  <system-out/>
  <testcase classname="testCase.CreateclientTest" name="withoutSearch" time="11.491"/>
  <system-out/>
  <testcase classname="testCase.CreateclientTest" name="deductionPage" time="11.786"/>
  <system-out/>
</testsuite> <!-- testCase.CreateclientTest -->
