<?xml version="1.0" encoding="UTF-8"?>
<!-- Generated by org.testng.reporters.JUnitReportReporter -->
<testsuite hostname="DESKTOP-FELOP08" failures="0" tests="4" name="testCase.LoginPageTest" time="159.377" errors="0" timestamp="2023-11-15T22:36:18 IST" skipped="0">
  <testcase classname="testCase.LoginPageTest" name="verifyValid" time="49.059"/>
  <testcase classname="testCase.LoginPageTest" name="verifyValid" time="46.389"/>
  <testcase classname="testCase.LoginPageTest" name="loginPage" time="28.090"/>
  <testcase classname="testCase.LoginPageTest" name="verifyValid" time="35.839"/>
</testsuite> <!-- testCase.LoginPageTest -->
