<?xml version="1.0" encoding="UTF-8"?>
<!-- Generated by org.testng.reporters.JUnitReportReporter -->
<testsuite hostname="DESKTOP-FELOP08" failures="0" tests="1" name="testCase.CreateclientTest" time="15.476" errors="0" timestamp="2023-11-13T12:12:21 IST" skipped="0">
  <testcase classname="testCase.CreateclientTest" name="createClient" time="15.476"/>
  <system-out/>
</testsuite> <!-- testCase.CreateclientTest -->
