<?xml version="1.0" encoding="UTF-8"?>
<!-- Generated by org.testng.reporters.JUnitReportReporter -->
<testsuite hostname="DESKTOP-FELOP08" failures="0" tests="4" name="testCase.LoginPageTest" time="130.342" errors="0" timestamp="2023-11-19T20:49:33 IST" skipped="0">
  <testcase classname="testCase.LoginPageTest" name="verifyValid" time="31.339"/>
  <testcase classname="testCase.LoginPageTest" name="verifyValid" time="32.072"/>
  <testcase classname="testCase.LoginPageTest" name="loginPage" time="34.805"/>
  <testcase classname="testCase.LoginPageTest" name="verifyValid" time="32.126"/>
</testsuite> <!-- testCase.LoginPageTest -->
