<?xml version="1.0" encoding="UTF-8"?>
<!-- Generated by org.testng.reporters.JUnitReportReporter -->
<testsuite hostname="DESKTOP-FELOP08" failures="0" tests="6" name="testCase.TimesheetTest" time="74.615" errors="0" timestamp="2023-11-13T11:41:43 IST" skipped="1">
  <testcase classname="testCase.TimesheetTest" name="pendingTimesheet" time="17.829"/>
  <system-out/>
  <testcase classname="testCase.TimesheetTest" name="acceptgenerateInvoice" time="15.936"/>
  <system-out/>
  <testcase classname="testCase.TimesheetTest" name="cancelgenerateInvoice" time="11.580"/>
  <system-out/>
  <testcase classname="testCase.TimesheetTest" name="uploadFile" time="14.601"/>
  <system-out/>
  <testcase classname="testCase.TimesheetTest" name="crossCheckElement" time="14.669"/>
  <system-out/>
  <testcase classname="testCase.TimesheetTest" name="timesheetPage">
    <skipped/>
  </testcase> <!-- timesheetPage -->
  <system-out/>
</testsuite> <!-- testCase.TimesheetTest -->
