<?xml version="1.0" encoding="UTF-8"?>
<!-- Generated by org.testng.reporters.JUnitReportReporter -->
<testsuite hostname="DESKTOP-FELOP08" failures="0" tests="2" name="testCase.CrossbrowserTest" time="351.661" errors="0" timestamp="2023-11-19T21:07:39 IST" skipped="0">
  <testcase classname="testCase.CrossbrowserTest" name="CrossTest" time="183.993"/>
  <testcase classname="testCase.CrossbrowserTest" name="CrossTest" time="167.668"/>
</testsuite> <!-- testCase.CrossbrowserTest -->
