<?xml version="1.0" encoding="UTF-8"?>
<!-- Generated by org.testng.reporters.JUnitReportReporter -->
<testsuite hostname="DESKTOP-FELOP08" failures="0" tests="2" name="testCase.CrossbrowserTest" time="159.996" errors="0" timestamp="2023-11-17T02:26:25 IST" skipped="0">
  <testcase classname="testCase.CrossbrowserTest" name="CrossTest" time="58.111"/>
  <testcase classname="testCase.CrossbrowserTest" name="CrossTest" time="101.885"/>
</testsuite> <!-- testCase.CrossbrowserTest -->
