<?xml version="1.0" encoding="UTF-8"?>
<!-- Generated by org.testng.reporters.JUnitReportReporter -->
<testsuite hostname="DESKTOP-FELOP08" failures="0" tests="7" name="testCase.TimesheetTest" time="276.750" errors="0" timestamp="2023-11-19T20:49:33 IST" skipped="0">
  <testcase classname="testCase.TimesheetTest" name="pdfAttachinDeduction" time="34.543"/>
  <testcase classname="testCase.TimesheetTest" name="uploadFileTimesheet" time="38.637"/>
  <testcase classname="testCase.TimesheetTest" name="cancelgenerateInvoiceAlert" time="48.698"/>
  <testcase classname="testCase.TimesheetTest" name="pendingTimesheetTableverifying" time="41.456"/>
  <testcase classname="testCase.TimesheetTest" name="validatingHighestpaidDeduction" time="38.794"/>
  <testcase classname="testCase.TimesheetTest" name="acceptgenerateInvoiceAlert" time="40.467"/>
  <testcase classname="testCase.TimesheetTest" name="timesheetPageTitleCheck" time="34.155"/>
</testsuite> <!-- testCase.TimesheetTest -->
