<?xml version="1.0" encoding="UTF-8"?>
<!-- Generated by org.testng.reporters.JUnitReportReporter -->
<testsuite hostname="DESKTOP-FELOP08" failures="0" tests="8" name="testCase.TimesheetTest" time="114.945" errors="0" timestamp="2023-11-17T02:26:25 IST" skipped="0">
  <testcase classname="testCase.TimesheetTest" name="pdfAttachinDeduction" time="14.315"/>
  <testcase classname="testCase.TimesheetTest" name="testBasic" time="10.234"/>
  <testcase classname="testCase.TimesheetTest" name="pendingTimesheetTableverifying" time="19.012"/>
  <testcase classname="testCase.TimesheetTest" name="acceptgenerateInvoiceAlert" time="16.729"/>
  <testcase classname="testCase.TimesheetTest" name="cancelgenerateInvoiceAlert" time="11.553"/>
  <testcase classname="testCase.TimesheetTest" name="uploadFileTimesheet" time="15.337"/>
  <testcase classname="testCase.TimesheetTest" name="validatingHighestpaidDeduction" time="15.896"/>
  <testcase classname="testCase.TimesheetTest" name="timesheetPageTitleCheck" time="11.869"/>
</testsuite> <!-- testCase.TimesheetTest -->
