<?xml version="1.0" encoding="UTF-8"?>
<!-- Generated by org.testng.reporters.JUnitReportReporter -->
<testsuite hostname="DESKTOP-FELOP08" failures="0" tests="2" name="testCase.CrossbrowserTest" time="168.126" errors="0" timestamp="2023-11-15T22:55:45 IST" skipped="0">
  <testcase classname="testCase.CrossbrowserTest" name="CrossTest" time="58.679"/>
  <testcase classname="testCase.CrossbrowserTest" name="CrossTest" time="109.447"/>
</testsuite> <!-- testCase.CrossbrowserTest -->
