<?xml version="1.0" encoding="UTF-8"?>
<!-- Generated by org.testng.reporters.JUnitReportReporter -->
<testsuite hostname="DESKTOP-FELOP08" failures="0" tests="1" name="testCase.CreateclientTest" time="60.891" errors="0" timestamp="2023-11-19T21:00:38 IST" skipped="0">
  <testcase classname="testCase.CreateclientTest" name="viewClient" time="60.891"/>
</testsuite> <!-- testCase.CreateclientTest -->
