<?xml version="1.0" encoding="UTF-8"?>
<!-- Generated by org.testng.reporters.JUnitReportReporter -->
<testsuite hostname="DESKTOP-FELOP08" failures="0" tests="1" name="constant.ConstantTest" time="0.045" errors="0" timestamp="2023-10-31T20:44:17 IST" skipped="0">
  <testcase classname="constant.ConstantTest" name="f" time="0.045"/>
  <system-out/>
</testsuite> <!-- constant.ConstantTest -->
