<?xml version="1.0" encoding="UTF-8"?>
<!-- Generated by org.testng.reporters.JUnitReportReporter -->
<testsuite hostname="DESKTOP-FELOP08" failures="0" tests="5" name="testCase.LoginPageTest" time="52.229" errors="0" timestamp="2023-11-17T02:26:25 IST" skipped="0">
  <testcase classname="testCase.LoginPageTest" name="testBasic" time="7.617"/>
  <testcase classname="testCase.LoginPageTest" name="verifyValid" time="11.524"/>
  <testcase classname="testCase.LoginPageTest" name="loginPage" time="9.598"/>
  <testcase classname="testCase.LoginPageTest" name="verifyValid" time="8.241"/>
  <testcase classname="testCase.LoginPageTest" name="verifyValid" time="15.249"/>
</testsuite> <!-- testCase.LoginPageTest -->
