<?xml version="1.0" encoding="UTF-8"?>
<!-- Generated by org.testng.reporters.JUnitReportReporter -->
<testsuite hostname="DESKTOP-FELOP08" failures="0" tests="1" name="testCase.SearchnameTest" time="22.066" errors="0" timestamp="2023-10-26T23:44:45 IST" skipped="0">
  <testcase classname="testCase.SearchnameTest" name="sampleTestcase" time="22.066"/>
  <system-out/>
</testsuite> <!-- testCase.SearchnameTest -->
